2017-10-17T23:58:33.996Z - info: [0mGET / [32m200 [0m130.396 ms - -[0m

2017-10-17T23:58:34.040Z - info: [0mGET /modules/chat/client/css/chat.css [32m200 [0m11.259 ms - 252[0m

2017-10-17T23:58:34.041Z - info: [0mGET /modules/core/client/css/core.css [32m200 [0m12.897 ms - 715[0m

2017-10-17T23:58:34.042Z - info: [0mGET /modules/users/client/css/users.css [32m200 [0m12.818 ms - 510[0m

2017-10-17T23:58:34.042Z - info: [0mGET /lib/bootstrap/dist/css/bootstrap-theme.css [32m200 [0m10.156 ms - -[0m

2017-10-17T23:58:34.043Z - info: [0mGET /lib/angular-ui-notification/dist/angular-ui-notification.css [32m200 [0m9.916 ms - -[0m

2017-10-17T23:58:34.069Z - info: [0mGET /lib/bootstrap/dist/css/bootstrap.css [32m200 [0m13.522 ms - -[0m

2017-10-17T23:58:34.071Z - info: [0mGET /lib/angular-messages/angular-messages.js [32m200 [0m7.509 ms - -[0m

2017-10-17T23:58:34.079Z - info: [0mGET /lib/ng-file-upload/ng-file-upload.js [32m200 [0m7.918 ms - -[0m

2017-10-17T23:58:34.101Z - info: [0mGET /lib/angular-animate/angular-animate.js [32m200 [0m7.391 ms - -[0m

2017-10-17T23:58:34.111Z - info: [0mGET /lib/angular-mocks/angular-mocks.js [32m200 [0m8.649 ms - -[0m

2017-10-17T23:58:34.123Z - info: [0mGET /lib/angular-ui-notification/dist/angular-ui-notification.js [32m200 [0m5.607 ms - -[0m

2017-10-17T23:58:34.126Z - info: [0mGET /lib/angular-resource/angular-resource.js [32m200 [0m4.604 ms - -[0m

2017-10-17T23:58:34.127Z - info: [0mGET /lib/angular-bootstrap/ui-bootstrap-tpls.js [32m200 [0m7.831 ms - -[0m

2017-10-17T23:58:34.151Z - info: [0mGET /lib/owasp-password-strength-test/owasp-password-strength-test.js [32m200 [0m2.884 ms - -[0m

2017-10-17T23:58:34.152Z - info: [0mGET /modules/core/client/app/config.js [32m200 [0m3.646 ms - -[0m

2017-10-17T23:58:34.159Z - info: [0mGET /lib/angular-ui-router/release/angular-ui-router.js [32m200 [0m13.598 ms - -[0m

2017-10-17T23:58:34.160Z - info: [0mGET /modules/articles/client/articles.client.module.js [32m200 [0m2.772 ms - 471[0m

2017-10-17T23:58:34.161Z - info: [0mGET /modules/core/client/app/init.js [32m200 [0m1.942 ms - -[0m

2017-10-17T23:58:34.170Z - info: [0mGET /modules/chat/client/chat.client.module.js [32m200 [0m1.801 ms - 172[0m

2017-10-17T23:58:34.194Z - info: [0mGET /modules/core/client/core.client.module.js [32m200 [0m2.608 ms - 251[0m

2017-10-17T23:58:34.196Z - info: [0mGET /modules/users/client/users.client.module.js [32m200 [0m1.296 ms - 385[0m

2017-10-17T23:58:34.204Z - info: [0mGET /modules/articles/client/config/articles-admin.client.config.js [32m200 [0m2.448 ms - 344[0m

2017-10-17T23:58:34.207Z - info: [0mGET /modules/articles/client/config/articles-admin.client.routes.js [32m200 [0m3.132 ms - -[0m

2017-10-17T23:58:34.212Z - info: [0mGET /modules/articles/client/config/articles.client.menus.js [32m200 [0m1.183 ms - 495[0m

2017-10-17T23:58:34.232Z - info: [0mGET /modules/articles/client/config/articles.client.routes.js [32m200 [0m2.036 ms - -[0m

2017-10-17T23:58:34.238Z - info: [0mGET /modules/articles/client/controllers/admin/article.client.controller.js [32m200 [0m1.536 ms - -[0m

2017-10-17T23:58:34.250Z - info: [0mGET /modules/articles/client/controllers/admin/list-articles.client.controller.js [32m200 [0m5.552 ms - 346[0m

2017-10-17T23:58:34.253Z - info: [0mGET /modules/articles/client/controllers/articles.client.controller.js [32m200 [0m5.797 ms - 368[0m

2017-10-17T23:58:34.254Z - info: [0mGET /modules/articles/client/controllers/list-articles.client.controller.js [32m200 [0m4.578 ms - 317[0m

2017-10-17T23:58:34.271Z - info: [0mGET /modules/articles/client/services/articles.client.service.js [32m200 [0m1.972 ms - -[0m

2017-10-17T23:58:34.275Z - info: [0mGET /lib/angular/angular.js [32m200 [0m7.439 ms - -[0m

2017-10-17T23:58:34.281Z - info: [0mGET /modules/chat/client/config/chat.client.menus.js [32m200 [0m4.364 ms - 292[0m

2017-10-17T23:58:34.282Z - info: [0mGET /modules/chat/client/config/chat.client.routes.js [32m200 [0m3.262 ms - 466[0m

2017-10-17T23:58:34.294Z - info: [0mGET /modules/chat/client/controllers/chat.client.controller.js [32m200 [0m1.194 ms - -[0m

2017-10-17T23:58:34.295Z - info: [0mGET /modules/core/client/config/core-admin.client.menus.js [32m200 [0m2.615 ms - 318[0m

2017-10-17T23:58:34.296Z - info: [0mGET /modules/core/client/config/core-admin.client.routes.js [32m200 [0m2.833 ms - 383[0m

2017-10-17T23:58:34.310Z - info: [0mGET /modules/core/client/config/core.client.menus.js [32m200 [0m1.564 ms - 905[0m

2017-10-17T23:58:34.327Z - info: [0mGET /modules/core/client/config/core.client.route-filter.js [32m200 [0m1.682 ms - -[0m

2017-10-17T23:58:34.328Z - info: [0mGET /modules/core/client/config/core.client.routes.js [32m200 [0m1.471 ms - -[0m

2017-10-17T23:58:34.334Z - info: [0mGET /modules/core/client/controllers/error.client.controller.js [32m200 [0m1.991 ms - 379[0m

2017-10-17T23:58:34.335Z - info: [0mGET /modules/core/client/controllers/header.client.controller.js [32m200 [0m2.126 ms - 662[0m

2017-10-17T23:58:34.337Z - info: [0mGET /modules/core/client/controllers/home.client.controller.js [32m200 [0m0.946 ms - 173[0m

2017-10-17T23:58:34.352Z - info: [0mGET /modules/core/client/directives/auto-focus.client.directive.js [32m200 [0m2.648 ms - 683[0m

2017-10-17T23:58:34.365Z - info: [0mGET /modules/core/client/directives/page-title.client.directive.js [32m200 [0m2.990 ms - -[0m

2017-10-17T23:58:34.365Z - info: [0mGET /modules/core/client/directives/show-errors.client.directive.js [32m200 [0m3.002 ms - -[0m

2017-10-17T23:58:34.376Z - info: [0mGET /modules/core/client/services/interceptors/auth-interceptor.client.service.js [32m200 [0m2.193 ms - -[0m

2017-10-17T23:58:34.376Z - info: [0mGET /modules/core/client/services/menu.client.service.js [32m200 [0m1.810 ms - -[0m

2017-10-17T23:58:34.379Z - info: [0mGET /modules/core/client/services/socket.io.client.service.js [32m200 [0m1.143 ms - -[0m

2017-10-17T23:58:34.394Z - info: [0mGET /modules/users/client/config/users-admin.client.menus.js [32m200 [0m1.191 ms - 330[0m

2017-10-17T23:58:34.409Z - info: [0mGET /modules/users/client/config/users.client.routes.js [32m200 [0m1.463 ms - -[0m

2017-10-17T23:58:34.409Z - info: [0mGET /modules/users/client/config/users-admin.client.routes.js [32m200 [0m3.645 ms - -[0m

2017-10-17T23:58:34.417Z - info: [0mGET /modules/users/client/controllers/admin/list-users.client.controller.js [32m200 [0m2.093 ms - -[0m

2017-10-17T23:58:34.418Z - info: [0mGET /modules/users/client/controllers/admin/user.client.controller.js [32m200 [0m1.566 ms - -[0m

2017-10-17T23:58:34.421Z - info: [0mGET /modules/users/client/controllers/authentication.client.controller.js [32m200 [0m0.819 ms - -[0m

2017-10-17T23:58:34.434Z - info: [0mGET /modules/users/client/controllers/password.client.controller.js [32m200 [0m1.011 ms - -[0m

2017-10-17T23:58:34.453Z - info: [0mGET /modules/users/client/controllers/settings/change-password.client.controller.js [32m200 [0m2.000 ms - -[0m

2017-10-17T23:58:34.454Z - info: [0mGET /modules/users/client/controllers/settings/change-profile-picture.client.controller.js [32m200 [0m1.832 ms - -[0m

2017-10-17T23:58:34.456Z - info: [0mGET /modules/users/client/controllers/settings/edit-profile.client.controller.js [32m200 [0m1.382 ms - -[0m

2017-10-17T23:58:34.458Z - info: [0mGET /modules/users/client/controllers/settings/manage-social-accounts.client.controller.js [32m200 [0m0.987 ms - -[0m

2017-10-17T23:58:34.462Z - info: [0mGET /modules/users/client/controllers/settings/settings.client.controller.js [32m200 [0m1.195 ms - 306[0m

2017-10-17T23:58:34.476Z - info: [0mGET /modules/users/client/directives/password-validator.client.directive.js [32m200 [0m1.901 ms - -[0m

2017-10-17T23:58:34.496Z - info: [0mGET /modules/users/client/directives/password-verify.client.directive.js [32m200 [0m3.503 ms - 821[0m

2017-10-17T23:58:34.498Z - info: [0mGET /modules/users/client/directives/users.client.directive.js [32m200 [0m5.158 ms - 507[0m

2017-10-17T23:58:34.499Z - info: [0mGET /modules/users/client/services/authentication.client.service.js [32m200 [0m5.383 ms - 324[0m

2017-10-17T23:58:34.506Z - info: [0mGET /modules/users/client/services/password-validator.client.service.js [32m200 [0m5.108 ms - 859[0m

2017-10-17T23:58:34.507Z - info: [0mGET /modules/users/client/services/users.client.service.js [32m200 [0m4.110 ms - -[0m

2017-10-17T23:58:34.560Z - info: [0mGET /modules/core/client/img/brand/favicon.ico [32m200 [0m43.349 ms - 32038[0m

2017-10-17T23:58:34.668Z - info: [0mGET /modules/core/client/views/header.client.view.html [32m200 [0m1.122 ms - -[0m

2017-10-17T23:58:34.671Z - info: [0mGET /modules/core/client/views/home.client.view.html [32m200 [0m0.892 ms - -[0m

2017-10-17T23:58:34.786Z - info: [0mGET /modules/core/client/img/brand/logo.png [32m200 [0m7.929 ms - 14055[0m

