0 info it worked if it ends with ok
1 verbose cli [ 'C:\\Program Files\\nodejs\\node.exe',
1 verbose cli   'C:\\Users\\User\\AppData\\Roaming\\npm\\node_modules\\npm\\bin\\npm-cli.js',
1 verbose cli   'start' ]
2 info using npm@3.10.6
3 info using node@v8.0.0
4 verbose run-script [ 'prestart', 'start', 'poststart' ]
5 info lifecycle meanjs@0.6.0~prestart: meanjs@0.6.0
6 silly lifecycle meanjs@0.6.0~prestart: no script for prestart, continuing
7 info lifecycle meanjs@0.6.0~start: meanjs@0.6.0
8 verbose lifecycle meanjs@0.6.0~start: unsafe-perm in lifecycle true
9 verbose lifecycle meanjs@0.6.0~start: PATH: C:\Users\User\AppData\Roaming\npm\node_modules\npm\bin\node-gyp-bin;D:\argan\proj\MEANJS\automated-billing\node_modules\.bin;C:\DevKit\RailsFTW421215\bin;C:\DevKit\Ruby22-x64\bin;D:\app\User\product\11.2.0\dbhome_2\bin;C:\Oracle\product\11.2.0\client_1\bin;C:\Oracle\product\11.2.0\dbhome_1\bin;C:\Program Files (x86)\Intel\iCLS Client\;C:\Program Files\Intel\iCLS Client\;C:\Windows\system32;C:\Windows;C:\Windows\System32\Wbem;C:\Windows\System32\WindowsPowerShell\v1.0\;C:\Program Files (x86)\Intel\OpenCL SDK\2.0\bin\x86;C:\Program Files (x86)\Intel\OpenCL SDK\2.0\bin\x64;C:\Program Files\Intel\Intel(R) Management Engine Components\DAL;C:\Program Files\Intel\Intel(R) Management Engine Components\IPT;C:\Program Files (x86)\Intel\Intel(R) Management Engine Components\DAL;C:\Program Files (x86)\Intel\Intel(R) Management Engine Components\IPT;C:\Program Files\Intel\WiFi\bin\;C:\Program Files\Common Files\Intel\WirelessCommon\;C:\Program Files\Lenovo Fingerprint Reader\;C:\Program Files\Lenovo Fingerprint Reader\x86\;C:\Program Files\Java\jdk1.8.0_11\bin;C:\apache-maven-3.3.3\bin;C:\Program Files (x86)\Notepad++;C:\Program Files (x86)\Git\cmd;C:\Program Files (x86)\Git\bin;C:\play-1.2.4;C:\apache-ant-1.9.4\bin;C:\PHP;C:\Program Files (x86)\Heroku\bin;C:\Program Files (x86)\git\cmd;c:\Python27;C:\mongoDB\bin;C:\apache-maven-3.3.3\bin;C:\Users\User\AppData\Local\Android\sdk\tools;D:\argan\spring-BOOT-1.2.7.RELEASE\bin;C:\Program Files (x86)\Microsoft SQL Server\100\Tools\Binn\VSShell\Common7\IDE\;C:\Program Files (x86)\Microsoft SQL Server\100\Tools\Binn\;C:\Program Files\Microsoft SQL Server\100\Tools\Binn\;C:\Program Files (x86)\Microsoft SQL Server\100\DTS\Binn\;C:\Program Files\Microsoft SQL Server\100\DTS\Binn\;C:\Python27\Scripts;C:\Python27\Lib\site-packages;;C:\Program Files (x86)\Bitvise SSH Client;C:\Program Files\Mercurial;C:\Program Files\MySQL\MySQL Server 5.6\bin;D:\argan\proj\External JAR\Web_Service\bin;C:\gradle-3.2.1\bin;;C:\Program Files (x86)\GNU\GnuPG\pub;C:\Program Files\Microsoft SQL Server\130\Tools\Binn\;C:\Program Files (x86)\Skype\Phone\;C:\Users\User\AppData\Roaming\npm\node_modules\@angular\cli\bin;C:\Users\User\AppData\Roaming\npm;C:\Program Files\nodejs\;C:\Program Files\dotnet\;C:\Users\User\go\bin;C:\Users\User\AppData\Local\.meteor\;C:\Program Files\Heroku\bin;C:\Users\User\AppData\Roaming\npm\node_modules\@angular\cli\bin;C:\Users\User\AppData\Roaming\npm;C:\Go\bin;
10 verbose lifecycle meanjs@0.6.0~start: CWD: D:\argan\proj\MEANJS\automated-billing
11 silly lifecycle meanjs@0.6.0~start: Args: [ '/d /s /c', 'node server.js' ]
12 silly lifecycle meanjs@0.6.0~start: Returned: code: 1  signal: null
13 info lifecycle meanjs@0.6.0~start: Failed to exec start script
14 verbose stack Error: meanjs@0.6.0 start: `node server.js`
14 verbose stack Exit status 1
14 verbose stack     at EventEmitter.<anonymous> (C:\Users\User\AppData\Roaming\npm\node_modules\npm\lib\utils\lifecycle.js:255:16)
14 verbose stack     at emitTwo (events.js:125:13)
14 verbose stack     at EventEmitter.emit (events.js:213:7)
14 verbose stack     at ChildProcess.<anonymous> (C:\Users\User\AppData\Roaming\npm\node_modules\npm\lib\utils\spawn.js:40:14)
14 verbose stack     at emitTwo (events.js:125:13)
14 verbose stack     at ChildProcess.emit (events.js:213:7)
14 verbose stack     at maybeClose (internal/child_process.js:887:16)
14 verbose stack     at Process.ChildProcess._handle.onexit (internal/child_process.js:208:5)
15 verbose pkgid meanjs@0.6.0
16 verbose cwd D:\argan\proj\MEANJS\automated-billing
17 error Windows_NT 6.1.7601
18 error argv "C:\\Program Files\\nodejs\\node.exe" "C:\\Users\\User\\AppData\\Roaming\\npm\\node_modules\\npm\\bin\\npm-cli.js" "start"
19 error node v8.0.0
20 error npm  v3.10.6
21 error code ELIFECYCLE
22 error meanjs@0.6.0 start: `node server.js`
22 error Exit status 1
23 error Failed at the meanjs@0.6.0 start script 'node server.js'.
23 error Make sure you have the latest version of node.js and npm installed.
23 error If you do, this is most likely a problem with the meanjs package,
23 error not with npm itself.
23 error Tell the author that this fails on your system:
23 error     node server.js
23 error You can get information on how to open an issue for this project with:
23 error     npm bugs meanjs
23 error Or if that isn't available, you can get their info via:
23 error     npm owner ls meanjs
23 error There is likely additional logging output above.
24 verbose exit [ 1, true ]
